<?xml version="1.0" encoding="UTF-8"?>
<testsuites>
  <testsuite name="Money" tests="4" assertions="4" failures="0" errors="0" time="0.177929">
    <testsuite name="ConfigTest" file="/var/lib/jenkins/jobs/pallavi_php/workspace/tests/config1Test.php" tests="4" assertions="4" failures="0" errors="0" time="0.177929">
      <testcase name="testHostconfiguration" class="ConfigTest" file="/var/lib/jenkins/jobs/pallavi_php/workspace/tests/config1Test.php" line="6" assertions="1" time="0.073156"/>
      <testcase name="testUserconfiguration" class="ConfigTest" file="/var/lib/jenkins/jobs/pallavi_php/workspace/tests/config1Test.php" line="10" assertions="1" time="0.036461"/>
      <testcase name="testPasswordconfiguration" class="ConfigTest" file="/var/lib/jenkins/jobs/pallavi_php/workspace/tests/config1Test.php" line="14" assertions="1" time="0.035097"/>
      <testcase name="testHelperconfiguration" class="ConfigTest" file="/var/lib/jenkins/jobs/pallavi_php/workspace/tests/config1Test.php" line="18" assertions="1" time="0.033215"/>
    </testsuite>
  </testsuite>
</testsuites>
